<?xml version="1.0" encoding="UTF-8"?>
<!-- Generated by org.testng.reporters.JUnitXMLReporter -->
<testsuite ignored="0" hostname="DESKTOP-4MKSC1R" failures="0" tests="4" name="Test" time="0.313" errors="0" timestamp="2025-03-09T13:48:41 PKT">
  <testcase classname="Framework.Testng.Class1" name="Test1" time="0.033"/>
  <testcase classname="Framework.Testng.Class1" name="Test2" time="0.018"/>
  <testcase classname="Framework.Testng.Class2" name="Test5" time="0.011"/>
  <testcase classname="Framework.Testng.Class3" name="Test6" time="0.02"/>
</testsuite> <!-- Test -->
