<?xml version="1.0" encoding="UTF-8"?>
<testng-results ignored="0" total="2" passed="2" failed="0" skipped="0">
  <reporter-output>
  </reporter-output>
  <suite started-at="2025-03-16T15:44:19 PKT" name="Suite" finished-at="2025-03-16T15:44:20 PKT" duration-ms="252">
    <groups>
    </groups>
    <test started-at="2025-03-16T15:44:19 PKT" name="Test" finished-at="2025-03-16T15:44:20 PKT" duration-ms="252">
      <class name="Framework.Testng.Class1">
        <test-method is-config="true" signature="TestngA()[pri:0, instance:Framework.Testng.Class1@1d9b7cce]" started-at="2025-03-16T15:44:19 PKT" name="TestngA" finished-at="2025-03-16T15:44:19 PKT" duration-ms="29" status="PASS">
          <reporter-output>
          </reporter-output>
        </test-method> <!-- TestngA -->
        <test-method is-config="true" signature="Testng3()[pri:0, instance:Framework.Testng.Class1@1d9b7cce]" started-at="2025-03-16T15:44:19 PKT" name="Testng3" finished-at="2025-03-16T15:44:19 PKT" duration-ms="1" status="PASS">
          <reporter-output>
          </reporter-output>
        </test-method> <!-- Testng3 -->
        <test-method signature="Testng1()[pri:0, instance:Framework.Testng.Class1@1d9b7cce]" started-at="2025-03-16T15:44:19 PKT" name="Testng1" finished-at="2025-03-16T15:44:19 PKT" duration-ms="29" status="PASS">
          <reporter-output>
          </reporter-output>
        </test-method> <!-- Testng1 -->
        <test-method is-config="true" signature="Testng4()[pri:0, instance:Framework.Testng.Class1@1d9b7cce]" started-at="2025-03-16T15:44:20 PKT" name="Testng4" finished-at="2025-03-16T15:44:20 PKT" duration-ms="2" status="PASS">
          <reporter-output>
          </reporter-output>
        </test-method> <!-- Testng4 -->
        <test-method is-config="true" signature="Testng3()[pri:0, instance:Framework.Testng.Class1@1d9b7cce]" started-at="2025-03-16T15:44:20 PKT" name="Testng3" finished-at="2025-03-16T15:44:20 PKT" duration-ms="4" status="PASS">
          <reporter-output>
          </reporter-output>
        </test-method> <!-- Testng3 -->
        <test-method signature="Testng2()[pri:0, instance:Framework.Testng.Class1@1d9b7cce]" started-at="2025-03-16T15:44:20 PKT" name="Testng2" finished-at="2025-03-16T15:44:20 PKT" duration-ms="12" status="PASS">
          <reporter-output>
          </reporter-output>
        </test-method> <!-- Testng2 -->
        <test-method is-config="true" signature="Testng4()[pri:0, instance:Framework.Testng.Class1@1d9b7cce]" started-at="2025-03-16T15:44:20 PKT" name="Testng4" finished-at="2025-03-16T15:44:20 PKT" duration-ms="2" status="PASS">
          <reporter-output>
          </reporter-output>
        </test-method> <!-- Testng4 -->
      </class> <!-- Framework.Testng.Class1 -->
    </test> <!-- Test -->
  </suite> <!-- Suite -->
</testng-results>
