<?xml version="1.0" encoding="UTF-8"?>
<testng-results ignored="0" total="4" passed="4" failed="0" skipped="0">
  <reporter-output>
  </reporter-output>
  <suite started-at="2025-03-09T13:48:40 PKT" name="Suite" finished-at="2025-03-09T13:48:41 PKT" duration-ms="313">
    <groups>
    </groups>
    <test started-at="2025-03-09T13:48:40 PKT" name="Test" finished-at="2025-03-09T13:48:41 PKT" duration-ms="313">
      <class name="Framework.Testng.Class3">
        <test-method is-config="true" signature="TestC()[pri:0, instance:Framework.Testng.Class3@41e36e46]" started-at="2025-03-09T13:48:41 PKT" name="TestC" finished-at="2025-03-09T13:48:41 PKT" duration-ms="3" status="PASS">
          <reporter-output>
          </reporter-output>
        </test-method> <!-- TestC -->
        <test-method signature="Test6()[pri:0, instance:Framework.Testng.Class3@41e36e46]" started-at="2025-03-09T13:48:41 PKT" name="Test6" finished-at="2025-03-09T13:48:41 PKT" duration-ms="20" status="PASS">
          <reporter-output>
          </reporter-output>
        </test-method> <!-- Test6 -->
      </class> <!-- Framework.Testng.Class3 -->
      <class name="Framework.Testng.Class4">
        <test-method is-config="true" signature="Test7()[pri:0, instance:Framework.Testng.Class4@481a996b]" started-at="2025-03-09T13:48:40 PKT" name="Test7" finished-at="2025-03-09T13:48:40 PKT" duration-ms="39" status="PASS">
          <reporter-output>
          </reporter-output>
        </test-method> <!-- Test7 -->
        <test-method is-config="true" signature="TestD()[pri:0, instance:Framework.Testng.Class4@481a996b]" started-at="2025-03-09T13:48:41 PKT" name="TestD" finished-at="2025-03-09T13:48:41 PKT" duration-ms="2" status="PASS">
          <reporter-output>
          </reporter-output>
        </test-method> <!-- TestD -->
      </class> <!-- Framework.Testng.Class4 -->
      <class name="Framework.Testng.Class1">
        <test-method is-config="true" signature="TestA()[pri:0, instance:Framework.Testng.Class1@50a638b5]" started-at="2025-03-09T13:48:40 PKT" name="TestA" finished-at="2025-03-09T13:48:40 PKT" duration-ms="1" status="PASS">
          <reporter-output>
          </reporter-output>
        </test-method> <!-- TestA -->
        <test-method is-config="true" signature="Test3()[pri:0, instance:Framework.Testng.Class1@50a638b5]" started-at="2025-03-09T13:48:40 PKT" name="Test3" finished-at="2025-03-09T13:48:40 PKT" duration-ms="1" status="PASS">
          <reporter-output>
          </reporter-output>
        </test-method> <!-- Test3 -->
        <test-method signature="Test1()[pri:0, instance:Framework.Testng.Class1@50a638b5]" started-at="2025-03-09T13:48:40 PKT" name="Test1" finished-at="2025-03-09T13:48:40 PKT" duration-ms="33" status="PASS">
          <reporter-output>
          </reporter-output>
        </test-method> <!-- Test1 -->
        <test-method is-config="true" signature="Test4()[pri:0, instance:Framework.Testng.Class1@50a638b5]" started-at="2025-03-09T13:48:40 PKT" name="Test4" finished-at="2025-03-09T13:48:40 PKT" duration-ms="2" status="PASS">
          <reporter-output>
          </reporter-output>
        </test-method> <!-- Test4 -->
        <test-method is-config="true" signature="Test3()[pri:0, instance:Framework.Testng.Class1@50a638b5]" started-at="2025-03-09T13:48:40 PKT" name="Test3" finished-at="2025-03-09T13:48:40 PKT" duration-ms="3" status="PASS">
          <reporter-output>
          </reporter-output>
        </test-method> <!-- Test3 -->
        <test-method signature="Test2()[pri:0, instance:Framework.Testng.Class1@50a638b5]" started-at="2025-03-09T13:48:40 PKT" name="Test2" finished-at="2025-03-09T13:48:40 PKT" duration-ms="18" status="PASS">
          <reporter-output>
          </reporter-output>
        </test-method> <!-- Test2 -->
        <test-method is-config="true" signature="Test4()[pri:0, instance:Framework.Testng.Class1@50a638b5]" started-at="2025-03-09T13:48:40 PKT" name="Test4" finished-at="2025-03-09T13:48:40 PKT" duration-ms="12" status="PASS">
          <reporter-output>
          </reporter-output>
        </test-method> <!-- Test4 -->
      </class> <!-- Framework.Testng.Class1 -->
      <class name="Framework.Testng.Class2">
        <test-method is-config="true" signature="Test4()[pri:0, instance:Framework.Testng.Class2@76508ed1]" started-at="2025-03-09T13:48:40 PKT" name="Test4" finished-at="2025-03-09T13:48:40 PKT" duration-ms="2" status="PASS">
          <reporter-output>
          </reporter-output>
        </test-method> <!-- Test4 -->
        <test-method signature="Test5()[pri:0, instance:Framework.Testng.Class2@76508ed1]" started-at="2025-03-09T13:48:40 PKT" name="Test5" finished-at="2025-03-09T13:48:41 PKT" duration-ms="11" status="PASS">
          <reporter-output>
          </reporter-output>
        </test-method> <!-- Test5 -->
        <test-method is-config="true" signature="TestB()[pri:0, instance:Framework.Testng.Class2@76508ed1]" started-at="2025-03-09T13:48:41 PKT" name="TestB" finished-at="2025-03-09T13:48:41 PKT" duration-ms="2" status="PASS">
          <reporter-output>
          </reporter-output>
        </test-method> <!-- TestB -->
        <test-method is-config="true" signature="Test3()[pri:0, instance:Framework.Testng.Class2@76508ed1]" started-at="2025-03-09T13:48:41 PKT" name="Test3" finished-at="2025-03-09T13:48:41 PKT" duration-ms="7" status="PASS">
          <reporter-output>
          </reporter-output>
        </test-method> <!-- Test3 -->
      </class> <!-- Framework.Testng.Class2 -->
    </test> <!-- Test -->
  </suite> <!-- Suite -->
</testng-results>
